<?xml version="1.0" encoding="UTF-8"?>
<testsuite xmlns:xsi="http://www.w3.org/2001/XMLSchema-instance" xsi:noNamespaceSchemaLocation="https://maven.apache.org/surefire/maven-surefire-plugin/xsd/surefire-test-report.xsd" name="com.xuecheng.manage_cms.dao.PageServiceTest" time="0.009" tests="1" errors="1" skipped="0" failures="0">
  <properties>
[...]
</properties>
  <testcase name="testGetPageHtml" classname="com.xuecheng.manage_cms.dao.PageServiceTest" time="0">
    <error type="com.xuecheng.framework.exception.CustomException">com.xuecheng.framework.exception.CustomException
	at com.xuecheng.manage_cms.dao.PageServiceTest.testGetPageHtml(PageServiceTest.java:24)
</error>
    <system-out><![CDATA[2019-06-24 08:38:51.451 [main] INFO  o.s.b.t.c.SpringBootTestContextBootstrapper - Neither @ContextConfiguration nor @ContextHierarchy found for test class [com.xuecheng.manage_cms.dao.PageServiceTest], using SpringBootContextLoader
2019-06-24 08:38:51.452 [main] INFO  o.s.t.c.s.AbstractContextLoader - Could not detect default resource locations for test class [com.xuecheng.manage_cms.dao.PageServiceTest]: no resource found for suffixes {-context.xml, Context.groovy}.
2019-06-24 08:38:51.452 [main] INFO  o.s.t.c.s.AnnotationConfigContextLoaderUtils - Could not detect default configuration classes for test class [com.xuecheng.manage_cms.dao.PageServiceTest]: PageServiceTest does not declare any static, non-private, non-final, nested classes annotated with @Configuration.
2019-06-24 08:38:51.454 [main] INFO  o.s.b.t.c.SpringBootTestContextBootstrapper - Found @SpringBootConfiguration com.xuecheng.manage_cms.ManageCmsApplication for test class com.xuecheng.manage_cms.dao.PageServiceTest
2019-06-24 08:38:51.455 [main] DEBUG o.s.b.t.c.SpringBootTestContextBootstrapper - @TestExecutionListeners is not present for class [com.xuecheng.manage_cms.dao.PageServiceTest]: using defaults.
2019-06-24 08:38:51.455 [main] INFO  o.s.b.t.c.SpringBootTestContextBootstrapper - Loaded default TestExecutionListener class names from location [META-INF/spring.factories]: [org.springframework.boot.test.mock.mockito.MockitoTestExecutionListener, org.springframework.boot.test.mock.mockito.ResetMocksTestExecutionListener, org.springframework.boot.test.autoconfigure.restdocs.RestDocsTestExecutionListener, org.springframework.boot.test.autoconfigure.web.client.MockRestServiceServerResetTestExecutionListener, org.springframework.boot.test.autoconfigure.web.servlet.MockMvcPrintOnlyOnFailureTestExecutionListener, org.springframework.boot.test.autoconfigure.web.servlet.WebDriverTestExecutionListener, org.springframework.test.context.web.ServletTestExecutionListener, org.springframework.test.context.support.DirtiesContextBeforeModesTestExecutionListener, org.springframework.test.context.support.DependencyInjectionTestExecutionListener, org.springframework.test.context.support.DirtiesContextTestExecutionListener, org.springframework.test.context.transaction.TransactionalTestExecutionListener, org.springframework.test.context.jdbc.SqlScriptsTestExecutionListener]
2019-06-24 08:38:51.456 [main] INFO  o.s.b.t.c.SpringBootTestContextBootstrapper - Using TestExecutionListeners: [org.springframework.test.context.web.ServletTestExecutionListener@3c62f69a, org.springframework.test.context.support.DirtiesContextBeforeModesTestExecutionListener@f08f8a9, org.springframework.boot.test.mock.mockito.MockitoTestExecutionListener@5ebf776c, org.springframework.boot.test.autoconfigure.SpringBootDependencyInjectionTestExecutionListener@7fd3fd06, org.springframework.test.context.support.DirtiesContextTestExecutionListener@54ae1240, org.springframework.test.context.transaction.TransactionalTestExecutionListener@1c2b65cc, org.springframework.test.context.jdbc.SqlScriptsTestExecutionListener@390a7532, org.springframework.boot.test.mock.mockito.ResetMocksTestExecutionListener@595184d8, org.springframework.boot.test.autoconfigure.restdocs.RestDocsTestExecutionListener@7d49a1a0, org.springframework.boot.test.autoconfigure.web.client.MockRestServiceServerResetTestExecutionListener@3a0baec0, org.springframework.boot.test.autoconfigure.web.servlet.MockMvcPrintOnlyOnFailureTestExecutionListener@50c2ef56, org.springframework.boot.test.autoconfigure.web.servlet.WebDriverTestExecutionListener@560d6d2]
]]></system-out>
  </testcase>
</testsuite>